History from the end of this log:
ben@Bulents-MacBook-Pro kojo % history
history
  293  ./sbt.sh clean package
  294  sdkman
  295  sdk install java
  296  sdk install java
  297  sdk install java 8
  298  sdk list
  299  sdk list java
  300  sdk install java 8.0.265
  301  sdk install java 8.0.265.j9-adpt
  302  java --version
  303  java -version
  304  ./sbt.sh clean package
  305  ./sbt.sh test
  306  ./sbt.sh run
  307  ./sbt.sh run
  308  ./sbt.sh run
ben@Bulents-MacBook-Pro kojo %

ben@Bulents-MacBook-Pro lite % git add Bundle_tr.properties 
git add Bundle_tr.properties 
fatal: not a git repository (or any of the parent directories): .git
ben@Bulents-MacBook-Pro lite % pwd
pwd
/Users/ben/src/kojo-master/src/main/resources/net/kogics/kojo/lite
ben@Bulents-MacBook-Pro lite % cd ..
cd ..
ben@Bulents-MacBook-Pro kojo % ls
ls
lite
ben@Bulents-MacBook-Pro kojo % pwd
pwd
/Users/ben/src/kojo-master/src/main/resources/net/kogics/kojo
ben@Bulents-MacBook-Pro kojo % pushd ~/src/kojo
pushd ~/src/kojo
~/src/kojo ~/src/kojo-master/src/main/resources/net/kogics/kojo
ben@Bulents-MacBook-Pro kojo % mkdir src
mkdir src
ben@Bulents-MacBook-Pro kojo % mkdir git
mkdir git
ben@Bulents-MacBook-Pro kojo % cd git
cd git
ben@Bulents-MacBook-Pro git % git clone https://github.com/bulent2k2/kojo.git
git clone https://github.com/bulent2k2/kojo.git
Cloning into 'kojo'...
remote: Enumerating objects: 230, done.        
remote: Counting objects: 100% (230/230), done.        
remote: Compressing objects: 100% (127/127), done.        
remote: Total 24169 (delta 97), reused 176 (delta 62), pack-reused 23939        
Receiving objects: 100% (24169/24169), 88.24 MiB | 1.38 MiB/s, done.
Resolving deltas: 100% (12850/12850), done.
ben@Bulents-MacBook-Pro git % pwd
pwd
/Users/ben/src/kojo/git
ben@Bulents-MacBook-Pro git % ls
ls
kojo
ben@Bulents-MacBook-Pro git % cp ~/src/kojo-master/src/main/resources/net/kogics/kojo/lite/Bundle_tr.properties ./kojo/src/main/resources/net/kogics/kojo/lite/
<r.properties ./kojo/src/main/resources/net/kogics/kojo/lite/
ben@Bulents-MacBook-Pro git % git add ./kojo/src/main/resources/net/kogics/kojo/lite/Bundle_tr.properties 
<ain/resources/net/kogics/kojo/lite/Bundle_tr.properties 
fatal: not a git repository (or any of the parent directories): .git
ben@Bulents-MacBook-Pro git % pwd
pwd
/Users/ben/src/kojo/git
ben@Bulents-MacBook-Pro git % cd kojo
cd kojo
ben@Bulents-MacBook-Pro kojo % ls
ls
LICENSE			l10n-level2		process-geo-jars.sh	shrink-geo-algos.sh
README.md		lib			project			shrink-geo-props.sh
build.sbt		make-windows-zip.sh	rem-geo-jfugue.sh	src
installer		makezip.sh		sbt-launch.0.13.18.jar	stage-i4j-installer
installer.i4j		migration_2_12.txt	sbt.sh			syncwebs
ben@Bulents-MacBook-Pro kojo % git add ./src/main/resources/net/kogics/kojo/lite/Bundle_tr.properties 
<resources/net/kogics/kojo/lite/Bundle_tr.properties 
ben@Bulents-MacBook-Pro kojo % git commit -am 'Added first rev of turkish level 1'
git commit -am 'Added first rev of turkish level 1'
[master f0673435] Added first rev of turkish level 1
 1 file changed, 290 insertions(+)
 create mode 100644 src/main/resources/net/kogics/kojo/lite/Bundle_tr.properties
ben@Bulents-MacBook-Pro kojo % git remove -v
git remove -v
git: 'remove' is not a git command. See 'git --help'.

The most similar command is
	remote
ben@Bulents-MacBook-Pro kojo % git remote -v
git remote -v
origin	https://github.com/bulent2k2/kojo.git (fetch)
origin	https://github.com/bulent2k2/kojo.git (push)
ben@Bulents-MacBook-Pro kojo % git push
git push
Enumerating objects: 18, done.
Counting objects: 100% (18/18), done.
Delta compression using up to 8 threads
Compressing objects: 100% (7/7), done.
Writing objects: 100% (10/10), 5.64 KiB | 5.64 MiB/s, done.
Total 10 (delta 3), reused 0 (delta 0)
remote: Resolving deltas: 100% (3/3), completed with 3 local objects.        
To https://github.com/bulent2k2/kojo.git
   1df17f04..f0673435  master -> master
ben@Bulents-MacBook-Pro kojo % pwd
pwd
/Users/ben/src/kojo/git/kojo
ben@Bulents-MacBook-Pro kojo % history
history
  270  mkdir git
  271  cd git
  272  git clone https://github.com/bulent2k2/kojo.git
  273  pwd
  274  ls
  275  cp ~/src/kojo-master/src/main/resources/net/kogics/kojo/lite/Bundle_tr.properties ./kojo/src/main/resources/net/kogics/kojo/lite/
  276  git add ./kojo/src/main/resources/net/kogics/kojo/lite/Bundle_tr.properties 
  277  pwd
  278  cd kojo
  279  ls
  280  git add ./src/main/resources/net/kogics/kojo/lite/Bundle_tr.properties 
  281  git commit -am 'Added first rev of turkish level 1'
  282  git remove -v
  283  git remote -v
  284  git push
  285  pwd
ben@Bulents-MacBook-Pro kojo % pwd
pwd
/Users/ben/src/kojo/git/kojo
ben@Bulents-MacBook-Pro kojo % ls
ls
LICENSE			installer		lib			migration_2_12.txt	rem-geo-jfugue.sh	shrink-geo-algos.sh	stage-i4j-installer
README.md		installer.i4j		make-windows-zip.sh	process-geo-jars.sh	sbt-launch.0.13.18.jar	shrink-geo-props.sh	syncwebs
build.sbt		l10n-level2		makezip.sh		project			sbt.sh			src
ben@Bulents-MacBook-Pro kojo % java -v
java -v
Unrecognized option: -v
Error: Could not create the Java Virtual Machine.
Error: A fatal exception has occurred. Program will exit.
ben@Bulents-MacBook-Pro kojo % java --version
java --version
openjdk 11.0.8 2020-07-14
OpenJDK Runtime Environment AdoptOpenJDK (build 11.0.8+10)
OpenJDK 64-Bit Server VM AdoptOpenJDK (build 11.0.8+10, mixed mode)
ben@Bulents-MacBook-Pro kojo % sbt.sh clean package
sbt.sh clean package
zsh: command not found: sbt.sh
ben@Bulents-MacBook-Pro kojo % ls
ls
LICENSE			l10n-level2		process-geo-jars.sh	shrink-geo-algos.sh
README.md		lib			project			shrink-geo-props.sh
build.sbt		make-windows-zip.sh	rem-geo-jfugue.sh	src
installer		makezip.sh		sbt-launch.0.13.18.jar	stage-i4j-installer
installer.i4j		migration_2_12.txt	sbt.sh			syncwebs
ben@Bulents-MacBook-Pro kojo % ./sbt.sh clean package
./sbt.sh clean package
Getting org.scala-sbt sbt 0.13.18  (this may take some time)...
WARNING: An illegal reflective access operation has occurred
WARNING: Illegal reflective access by org.apache.ivy.util.url.IvyAuthenticator (file:/Users/ben/src/kojo/git/kojo/sbt-launch.0.13.18.jar) to field java.net.Authenticator.theAuthenticator
WARNING: Please consider reporting this to the maintainers of org.apache.ivy.util.url.IvyAuthenticator
WARNING: Use --illegal-access=warn to enable warnings of further illegal reflective access operations
WARNING: All illegal access operations will be denied in a future release
downloading https://repo.typesafe.com/typesafe/ivy-releases/org.scala-sbt/sbt/0.13.18/jars/sbt.jar ...
	[SUCCESSFUL ] org.scala-sbt#sbt;0.13.18!sbt.jar (9299ms)
downloading https://repo1.maven.org/maven2/org/scala-lang/scala-library/2.10.7/scala-library-2.10.7.jar ...
	[SUCCESSFUL ] org.scala-lang#scala-library;2.10.7!scala-library.jar (2464ms)
downloading https://repo.typesafe.com/typesafe/ivy-releases/org.scala-sbt/main/0.13.18/jars/main.jar ...
	[SUCCESSFUL ] org.scala-sbt#main;0.13.18!main.jar (3129ms)
downloading https://repo.typesafe.com/typesafe/ivy-releases/org.scala-sbt/compiler-interface/0.13.18/jars/compiler-interface.jar ...
	[SUCCESSFUL ] org.scala-sbt#compiler-interface;0.13.18!compiler-interface.jar (1944ms)
downloading https://repo.typesafe.com/typesafe/ivy-releases/org.scala-sbt/actions/0.13.18/jars/actions.jar ...
	[SUCCESSFUL ] org.scala-sbt#actions;0.13.18!actions.jar (4026ms)
downloading https://repo.typesafe.com/typesafe/ivy-releases/org.scala-sbt/main-settings/0.13.18/jars/main-settings.jar ...
	[SUCCESSFUL ] org.scala-sbt#main-settings;0.13.18!main-settings.jar (1995ms)
downloading https://repo.typesafe.com/typesafe/ivy-releases/org.scala-sbt/interface/0.13.18/jars/interface.jar ...
	[SUCCESSFUL ] org.scala-sbt#interface;0.13.18!interface.jar (1573ms)
downloading https://repo.typesafe.com/typesafe/ivy-releases/org.scala-sbt/io/0.13.18/jars/io.jar ...
	[SUCCESSFUL ] org.scala-sbt#io;0.13.18!io.jar (1853ms)
downloading https://repo.typesafe.com/typesafe/ivy-releases/org.scala-sbt/ivy/0.13.18/jars/ivy.jar ...
	[SUCCESSFUL ] org.scala-sbt#ivy;0.13.18!ivy.jar (2211ms)
downloading https://repo.typesafe.com/typesafe/ivy-releases/org.scala-sbt/logging/0.13.18/jars/logging.jar ...
	[SUCCESSFUL ] org.scala-sbt#logging;0.13.18!logging.jar (1707ms)
downloading https://repo.typesafe.com/typesafe/ivy-releases/org.scala-sbt/logic/0.13.18/jars/logic.jar ...
	[SUCCESSFUL ] org.scala-sbt#logic;0.13.18!logic.jar (1606ms)
downloading https://repo.typesafe.com/typesafe/ivy-releases/org.scala-sbt/process/0.13.18/jars/process.jar ...
	[SUCCESSFUL ] org.scala-sbt#process;0.13.18!process.jar (9599ms)
downloading https://repo.typesafe.com/typesafe/ivy-releases/org.scala-sbt/run/0.13.18/jars/run.jar ...
	[SUCCESSFUL ] org.scala-sbt#run;0.13.18!run.jar (4405ms)
downloading https://repo.typesafe.com/typesafe/ivy-releases/org.scala-sbt/command/0.13.18/jars/command.jar ...
	[SUCCESSFUL ] org.scala-sbt#command;0.13.18!command.jar (3288ms)
downloading https://repo1.maven.org/maven2/org/scala-sbt/launcher-interface/1.0.1/launcher-interface-1.0.1.jar ...
	[SUCCESSFUL ] org.scala-sbt#launcher-interface;1.0.1!launcher-interface.jar (313ms)
downloading https://repo.typesafe.com/typesafe/ivy-releases/org.scala-sbt/classpath/0.13.18/jars/classpath.jar ...
	[SUCCESSFUL ] org.scala-sbt#classpath;0.13.18!classpath.jar (21715ms)
downloading https://repo.typesafe.com/typesafe/ivy-releases/org.scala-sbt/completion/0.13.18/jars/completion.jar ...
	[SUCCESSFUL ] org.scala-sbt#completion;0.13.18!completion.jar (2845ms)
downloading https://repo.typesafe.com/typesafe/ivy-releases/org.scala-sbt/api/0.13.18/jars/api.jar ...
	[SUCCESSFUL ] org.scala-sbt#api;0.13.18!api.jar (1976ms)
downloading https://repo.typesafe.com/typesafe/ivy-releases/org.scala-sbt/compiler-integration/0.13.18/jars/compiler-integration.jar ...
	[SUCCESSFUL ] org.scala-sbt#compiler-integration;0.13.18!compiler-integration.jar (1713ms)
downloading https://repo.typesafe.com/typesafe/ivy-releases/org.scala-sbt/compiler-ivy-integration/0.13.18/jars/compiler-ivy-integration.jar ...
	[SUCCESSFUL ] org.scala-sbt#compiler-ivy-integration;0.13.18!compiler-ivy-integration.jar (1385ms)
downloading https://repo.typesafe.com/typesafe/ivy-releases/org.scala-sbt/relation/0.13.18/jars/relation.jar ...
	[SUCCESSFUL ] org.scala-sbt#relation;0.13.18!relation.jar (1421ms)
downloading https://repo.typesafe.com/typesafe/ivy-releases/org.scala-sbt/task-system/0.13.18/jars/task-system.jar ...
	[SUCCESSFUL ] org.scala-sbt#task-system;0.13.18!task-system.jar (1478ms)
downloading https://repo.typesafe.com/typesafe/ivy-releases/org.scala-sbt/tasks/0.13.18/jars/tasks.jar ...
	[SUCCESSFUL ] org.scala-sbt#tasks;0.13.18!tasks.jar (3379ms)
downloading https://repo.typesafe.com/typesafe/ivy-releases/org.scala-sbt/tracking/0.13.18/jars/tracking.jar ...
	[SUCCESSFUL ] org.scala-sbt#tracking;0.13.18!tracking.jar (11669ms)
downloading https://repo.typesafe.com/typesafe/ivy-releases/org.scala-sbt/testing/0.13.18/jars/testing.jar ...
	[SUCCESSFUL ] org.scala-sbt#testing;0.13.18!testing.jar (1883ms)
downloading https://repo1.maven.org/maven2/org/scala-lang/scala-compiler/2.10.7/scala-compiler-2.10.7.jar ...
	[SUCCESSFUL ] org.scala-lang#scala-compiler;2.10.7!scala-compiler.jar (2787ms)
downloading https://repo1.maven.org/maven2/org/scala-lang/scala-reflect/2.10.7/scala-reflect-2.10.7.jar ...
	[SUCCESSFUL ] org.scala-lang#scala-reflect;2.10.7!scala-reflect.jar (595ms)
downloading https://repo.typesafe.com/typesafe/ivy-releases/org.scala-sbt/control/0.13.18/jars/control.jar ...
	[SUCCESSFUL ] org.scala-sbt#control;0.13.18!control.jar (1374ms)
downloading https://repo.typesafe.com/typesafe/ivy-releases/org.scala-sbt/collections/0.13.18/jars/collections.jar ...
	[SUCCESSFUL ] org.scala-sbt#collections;0.13.18!collections.jar (2312ms)
downloading https://repo1.maven.org/maven2/jline/jline/2.14.5/jline-2.14.5.jar ...
	[SUCCESSFUL ] jline#jline;2.14.5!jline.jar (177ms)
downloading https://repo.typesafe.com/typesafe/ivy-releases/org.scala-sbt/classfile/0.13.18/jars/classfile.jar ...
	[SUCCESSFUL ] org.scala-sbt#classfile;0.13.18!classfile.jar (3483ms)
downloading https://repo.typesafe.com/typesafe/ivy-releases/org.scala-sbt/incremental-compiler/0.13.18/jars/incremental-compiler.jar ...
	[SUCCESSFUL ] org.scala-sbt#incremental-compiler;0.13.18!incremental-compiler.jar (2372ms)
downloading https://repo.typesafe.com/typesafe/ivy-releases/org.scala-sbt/compile/0.13.18/jars/compile.jar ...
	[SUCCESSFUL ] org.scala-sbt#compile;0.13.18!compile.jar (3862ms)
downloading https://repo.typesafe.com/typesafe/ivy-releases/org.scala-sbt/persist/0.13.18/jars/persist.jar ...
	[SUCCESSFUL ] org.scala-sbt#persist;0.13.18!persist.jar (1672ms)
downloading https://repo.typesafe.com/typesafe/ivy-releases/org.scala-tools.sbinary/sbinary_2.10/0.4.2/jars/sbinary_2.10.jar ...
	[SUCCESSFUL ] org.scala-tools.sbinary#sbinary_2.10;0.4.2!sbinary_2.10.jar (1456ms)
downloading https://repo.typesafe.com/typesafe/ivy-releases/org.scala-sbt/cross/0.13.18/jars/cross.jar ...
	[SUCCESSFUL ] org.scala-sbt#cross;0.13.18!cross.jar (1363ms)
downloading https://repo1.maven.org/maven2/com/jcraft/jsch/0.1.50/jsch-0.1.50.jar ...
	[SUCCESSFUL ] com.jcraft#jsch;0.1.50!jsch.jar (412ms)
downloading https://repo1.maven.org/maven2/org/scala-sbt/serialization_2.10/0.1.2/serialization_2.10-0.1.2.jar ...
	[SUCCESSFUL ] org.scala-sbt#serialization_2.10;0.1.2!serialization_2.10.jar (358ms)
downloading https://repo1.maven.org/maven2/org/scala-lang/modules/scala-pickling_2.10/0.10.1/scala-pickling_2.10-0.10.1.jar ...
	[SUCCESSFUL ] org.scala-lang.modules#scala-pickling_2.10;0.10.1!scala-pickling_2.10.jar (358ms)
downloading https://repo1.maven.org/maven2/org/json4s/json4s-core_2.10/3.2.10/json4s-core_2.10-3.2.10.jar ...
	[SUCCESSFUL ] org.json4s#json4s-core_2.10;3.2.10!json4s-core_2.10.jar (288ms)
downloading https://repo1.maven.org/maven2/org/spire-math/jawn-parser_2.10/0.6.0/jawn-parser_2.10-0.6.0.jar ...
	[SUCCESSFUL ] org.spire-math#jawn-parser_2.10;0.6.0!jawn-parser_2.10.jar (6626ms)
downloading https://repo1.maven.org/maven2/org/spire-math/json4s-support_2.10/0.6.0/json4s-support_2.10-0.6.0.jar ...
	[SUCCESSFUL ] org.spire-math#json4s-support_2.10;0.6.0!json4s-support_2.10.jar (149ms)
downloading https://repo1.maven.org/maven2/org/scalamacros/quasiquotes_2.10/2.0.1/quasiquotes_2.10-2.0.1.jar ...
	[SUCCESSFUL ] org.scalamacros#quasiquotes_2.10;2.0.1!quasiquotes_2.10.jar (461ms)
downloading https://repo1.maven.org/maven2/org/json4s/json4s-ast_2.10/3.2.10/json4s-ast_2.10-3.2.10.jar ...
	[SUCCESSFUL ] org.json4s#json4s-ast_2.10;3.2.10!json4s-ast_2.10.jar (237ms)
downloading https://repo1.maven.org/maven2/com/thoughtworks/paranamer/paranamer/2.6/paranamer-2.6.jar ...
	[SUCCESSFUL ] com.thoughtworks.paranamer#paranamer;2.6!paranamer.jar (143ms)
downloading https://repo.typesafe.com/typesafe/ivy-releases/org.scala-sbt/cache/0.13.18/jars/cache.jar ...
	[SUCCESSFUL ] org.scala-sbt#cache;0.13.18!cache.jar (10710ms)
downloading https://repo.typesafe.com/typesafe/ivy-releases/org.scala-sbt/test-agent/0.13.18/jars/test-agent.jar ...
	[SUCCESSFUL ] org.scala-sbt#test-agent;0.13.18!test-agent.jar (1346ms)
downloading https://repo.typesafe.com/typesafe/ivy-releases/org.scala-sbt/apply-macro/0.13.18/jars/apply-macro.jar ...
	[SUCCESSFUL ] org.scala-sbt#apply-macro;0.13.18!apply-macro.jar (3475ms)
:: retrieving :: org.scala-sbt#boot-app
	confs: [default]
	49 artifacts copied, 0 already retrieved (17584kB/43ms)
Getting Scala 2.10.7 (for sbt)...
downloading https://repo1.maven.org/maven2/org/scala-lang/jline/2.10.7/jline-2.10.7.jar ...
	[SUCCESSFUL ] org.scala-lang#jline;2.10.7!jline.jar (284ms)
downloading https://repo1.maven.org/maven2/org/fusesource/jansi/jansi/1.4/jansi-1.4.jar ...
	[SUCCESSFUL ] org.fusesource.jansi#jansi;1.4!jansi.jar (215ms)
:: retrieving :: org.scala-sbt#boot-scala
	confs: [default]
	5 artifacts copied, 0 already retrieved (24560kB/27ms)
[info] Updated file /Users/ben/src/kojo/git/kojo/project/build.properties: set sbt.version to 0.13.18
[info] Loading project definition from /Users/ben/src/kojo/git/kojo/project
[info] Updating {file:/Users/ben/src/kojo/git/kojo/project/}kojo-build...
[info] Resolving org.scala-lang#scala-library;2.10.7 ...
[info] Resolving org.scala-sbt#sbt;0.13.18 ...
[info] Resolving org.scala-sbt#main;0.13.18 ...
[info] Resolving org.scala-sbt#actions;0.13.18 ...
[info] Resolving org.scala-sbt#classpath;0.13.18 ...
[info] Resolving org.scala-lang#scala-compiler;2.10.7 ...
[info] Resolving org.scala-lang#scala-reflect;2.10.7 ...
[info] Resolving org.scala-sbt#interface;0.13.18 ...
[info] Resolving org.scala-sbt#io;0.13.18 ...
[info] Resolving org.scala-sbt#control;0.13.18 ...
[info] Resolving org.scala-sbt#launcher-interface;1.0.1 ...
[info] Resolving org.scala-sbt#completion;0.13.18 ...
[info] Resolving org.scala-sbt#collections;0.13.18 ...
[info] Resolving jline#jline;2.14.5 ...
[info] Resolving org.scala-sbt#api;0.13.18 ...
[info] Resolving org.scala-sbt#classfile;0.13.18 ...
[info] Resolving org.scala-sbt#logging;0.13.18 ...
[info] Resolving org.scala-sbt#process;0.13.18 ...
[info] Resolving org.scala-sbt#compiler-integration;0.13.18 ...
[info] Resolving org.scala-sbt#incremental-compiler;0.13.18 ...
[info] Resolving org.scala-sbt#relation;0.13.18 ...
[info] Resolving org.scala-sbt#compile;0.13.18 ...
[info] Resolving org.scala-sbt#persist;0.13.18 ...
[info] Resolving org.scala-tools.sbinary#sbinary_2.10;0.4.2 ...
[info] Resolving org.scala-sbt#compiler-ivy-integration;0.13.18 ...
[info] Resolving org.scala-sbt#ivy;0.13.18 ...
[info] Resolving org.scala-sbt#cross;0.13.18 ...
[info] Resolving org.scala-sbt.ivy#ivy;2.3.0-sbt-b18f59ea3bc914a297bb6f1a4f7fb0ace399e310 ...
[info] Resolving com.jcraft#jsch;0.1.50 ...
[info] Resolving org.scala-sbt#serialization_2.10;0.1.2 ...
[info] Resolving org.scala-lang.modules#scala-pickling_2.10;0.10.1 ...
[info] Resolving org.scalamacros#quasiquotes_2.10;2.0.1 ...
[info] Resolving org.json4s#json4s-core_2.10;3.2.10 ...
[info] Resolving org.json4s#json4s-ast_2.10;3.2.10 ...
[info] Resolving com.thoughtworks.paranamer#paranamer;2.6 ...
[info] Resolving org.spire-math#jawn-parser_2.10;0.6.0 ...
[info] Resolving org.spire-math#json4s-support_2.10;0.6.0 ...
[info] Resolving org.scala-sbt#run;0.13.18 ...
[info] Resolving org.scala-sbt#task-system;0.13.18 ...
[info] Resolving org.scala-sbt#tasks;0.13.18 ...
[info] Resolving org.scala-sbt#tracking;0.13.18 ...
[info] Resolving org.scala-sbt#cache;0.13.18 ...
[info] Resolving org.scala-sbt#testing;0.13.18 ...
[info] Resolving org.scala-sbt#test-agent;0.13.18 ...
[info] Resolving org.scala-sbt#test-interface;1.0 ...
[info] Resolving org.scala-sbt#main-settings;0.13.18 ...
[info] Resolving org.scala-sbt#apply-macro;0.13.18 ...
[info] Resolving org.scala-sbt#command;0.13.18 ...
[info] Resolving org.scala-sbt#template-resolver;0.1 ...
[info] Resolving org.scala-sbt#logic;0.13.18 ...
[info] Resolving org.scala-sbt#compiler-interface;0.13.18 ...
[info] Resolving org.scala-lang#jline;2.10.7 ...
[info] Resolving org.fusesource.jansi#jansi;1.4 ...
[info] Done updating.
[info] Set current project to Kojo (in build file:/Users/ben/src/kojo/git/kojo/)
[success] Total time: 0 s, completed Oct 21, 2020, 12:42:40 PM
[info] Updating {file:/Users/ben/src/kojo/git/kojo/}dist...
[info] Resolving org.scala-lang#scala-compiler;2.13.3 ...
[info] Resolving org.scala-lang#scala-compiler;2.13.3 ...
[info] Resolving org.scala-lang#scala-library;2.13.3 ...
[info] Resolving org.scala-lang#scala-library;2.13.3 ...
[info] Resolving org.scala-lang#scala-reflect;2.13.3 ...
[info] Resolving org.scala-lang#scala-reflect;2.13.3 ...
[info] Resolving org.jline#jline;3.15.0 ...
[info] Resolving org.jline#jline;3.15.0 ...
[info] Resolving org.jline#jline-parent;3.15.0 ...
[info] Resolving org.jline#jline-parent;3.15.0 ...
[info] Resolving org.sonatype.oss#oss-parent;9 ...
[info] Resolving net.java.dev.jna#jna;5.3.1 ...
[info] Resolving net.java.dev.jna#jna;5.3.1 ...
[info] Resolving com.typesafe.akka#akka-actor_2.13;2.5.29 ...
[info] Resolving com.typesafe.akka#akka-actor_2.13;2.5.29 ...
[info] Resolving com.typesafe#config;1.3.3 ...
[info] Resolving org.scala-lang.modules#scala-java8-compat_2.13;0.9.0 ...
[info] Resolving org.scala-lang.modules#scala-java8-compat_2.13;0.9.0 ...
[info] Resolving org.scala-lang.modules#scala-swing_2.13;2.1.1 ...
[info] Resolving org.scala-lang.modules#scala-swing_2.13;2.1.1 ...
[info] Resolving org.scala-lang.modules#scala-xml_2.13;1.2.0 ...
[info] Resolving org.scala-lang.modules#scala-xml_2.13;1.2.0 ...
[info] Resolving org.scala-lang.modules#scala-parser-combinators_2.13;1.1.2 ...
[info] Resolving org.scala-lang.modules#scala-parser-combinators_2.13;1.1.2 ...
[info] Resolving com.github.benhutchison#scalaswingcontrib_2.13;1.8 ...
[info] Resolving com.github.benhutchison#scalaswingcontrib_2.13;1.8 ...
[info] Resolving org.scala-lang.modules#scala-collection-compat_2.13;2.1.2 ...
[info] Resolving org.scala-lang.modules#scala-collection-compat_2.13;2.1.2 ...
[info] Resolving org.piccolo2d#piccolo2d-core;1.3.1 ...
[info] Resolving org.piccolo2d#piccolo2d-core;1.3.1 ...
[info] Resolving org.piccolo2d#piccolo2d-parent;1.3.1 ...
[info] Resolving org.piccolo2d#piccolo2d-parent;1.3.1 ...
[info] Resolving org.piccolo2d#piccolo2d-extras;1.3.1 ...
[info] Resolving org.piccolo2d#piccolo2d-extras;1.3.1 ...
[info] Resolving org.piccolo2d#piccolo2d-parent;1.3.1 ...
[info] Resolving com.vividsolutions#jts;1.13 ...
[info] Resolving com.vividsolutions#jts;1.13 ...
[info] Resolving com.h2database#h2;1.3.168 ...
[info] Resolving com.h2database#h2;1.3.168 ...
[info] Resolving org.apache.commons#commons-math3;3.6.1 ...
[info] Resolving org.apache.commons#commons-math3;3.6.1 ...
[info] Resolving org.apache.commons#commons-parent;39 ...
[info] Resolving org.apache.commons#commons-parent;39 ...
[info] Resolving org.apache#apache;16 ...
[info] Resolving org.apache#apache;16 ...
[info] Resolving javax.xml.bind#jaxb-api;2.2 ...
[info] Resolving javax.xml.bind#jaxb-api;2.2 ...
[info] Resolving javax.xml.stream#stax-api;1.0-2 ...
[info] Resolving javax.xml.stream#stax-api;1.0-2 ...
[info] Resolving javax.activation#activation;1.1 ...
[info] Resolving com.sun.xml.bind#jaxb-impl;2.2 ...
[info] Resolving com.sun.xml.bind#jaxb-impl;2.2 ...
[info] Resolving org.scalatest#scalatest_2.13;3.0.8 ...
[info] Resolving org.scalatest#scalatest_2.13;3.0.8 ...
[info] Resolving org.scalactic#scalactic_2.13;3.0.8 ...
[info] Resolving org.scalactic#scalactic_2.13;3.0.8 ...
[info] Resolving junit#junit;4.10 ...
[info] Resolving junit#junit;4.10 ...
[info] Resolving org.hamcrest#hamcrest-core;1.1 ...
[info] Resolving org.hamcrest#hamcrest-core;1.1 ...
[info] Resolving org.hamcrest#hamcrest-parent;1.1 ...
[info] Resolving org.hamcrest#hamcrest-parent;1.1 ...
[info] Resolving org.jmock#jmock;2.5.1 ...
[info] Resolving org.jmock#jmock;2.5.1 ...
[info] Resolving org.jmock#jmock-parent;2.5.1 ...
[info] Resolving org.jmock#jmock-parent;2.5.1 ...
[info] Resolving org.hamcrest#hamcrest-library;1.1 ...
[info] Resolving org.hamcrest#hamcrest-library;1.1 ...
[info] Resolving org.hamcrest#hamcrest-parent;1.1 ...
[info] Resolving org.jmock#jmock-legacy;2.5.1 ...
[info] Resolving org.jmock#jmock-legacy;2.5.1 ...
[info] Resolving org.jmock#jmock-parent;2.5.1 ...
[info] Resolving org.objenesis#objenesis;1.0 ...
[info] Resolving org.objenesis#objenesis;1.0 ...
[info] Resolving cglib#cglib-nodep;2.1_3 ...
[info] Resolving cglib#cglib-nodep;2.1_3 ...
[info] Resolving org.jmock#jmock-junit4;2.5.1 ...
[info] Resolving org.jmock#jmock-junit4;2.5.1 ...
[info] Resolving org.jmock#jmock-parent;2.5.1 ...
[info] Resolving org.scalacheck#scalacheck_2.13;1.14.3 ...
[info] Resolving org.scalacheck#scalacheck_2.13;1.14.3 ...
[info] downloading https://repo1.maven.org/maven2/org/scala-lang/scala-compiler/2.13.3/scala-compiler-2.13.3.jar ...
[info] 	[SUCCESSFUL ] org.scala-lang#scala-compiler;2.13.3!scala-compiler.jar (2868ms)
[info] downloading https://repo1.maven.org/maven2/org/scala-lang/scala-library/2.13.3/scala-library-2.13.3.jar ...
[info] 	[SUCCESSFUL ] org.scala-lang#scala-library;2.13.3!scala-library.jar (7455ms)
[info] downloading https://repo1.maven.org/maven2/org/scala-lang/scala-reflect/2.13.3/scala-reflect-2.13.3.jar ...
[info] 	[SUCCESSFUL ] org.scala-lang#scala-reflect;2.13.3!scala-reflect.jar (756ms)
[info] downloading https://repo1.maven.org/maven2/com/typesafe/akka/akka-actor_2.13/2.5.29/akka-actor_2.13-2.5.29.jar ...
[info] 	[SUCCESSFUL ] com.typesafe.akka#akka-actor_2.13;2.5.29!akka-actor_2.13.jar (823ms)
[info] downloading https://repo1.maven.org/maven2/org/scala-lang/modules/scala-swing_2.13/2.1.1/scala-swing_2.13-2.1.1.jar ...
[info] 	[SUCCESSFUL ] org.scala-lang.modules#scala-swing_2.13;2.1.1!scala-swing_2.13.jar (345ms)
[info] downloading https://repo1.maven.org/maven2/org/scala-lang/modules/scala-xml_2.13/1.2.0/scala-xml_2.13-1.2.0.jar ...
[info] 	[SUCCESSFUL ] org.scala-lang.modules#scala-xml_2.13;1.2.0!scala-xml_2.13.jar(bundle) (324ms)
[info] downloading https://repo1.maven.org/maven2/org/scala-lang/modules/scala-parser-combinators_2.13/1.1.2/scala-parser-combinators_2.13-1.1.2.jar ...
[info] 	[SUCCESSFUL ] org.scala-lang.modules#scala-parser-combinators_2.13;1.1.2!scala-parser-combinators_2.13.jar(bundle) (6103ms)
[info] downloading https://repo1.maven.org/maven2/com/github/benhutchison/scalaswingcontrib_2.13/1.8/scalaswingcontrib_2.13-1.8.jar ...
[info] 	[SUCCESSFUL ] com.github.benhutchison#scalaswingcontrib_2.13;1.8!scalaswingcontrib_2.13.jar (367ms)
[info] downloading https://repo1.maven.org/maven2/org/piccolo2d/piccolo2d-core/1.3.1/piccolo2d-core-1.3.1.jar ...
[info] 	[SUCCESSFUL ] org.piccolo2d#piccolo2d-core;1.3.1!piccolo2d-core.jar(bundle) (167ms)
[info] downloading https://repo1.maven.org/maven2/org/piccolo2d/piccolo2d-extras/1.3.1/piccolo2d-extras-1.3.1.jar ...
[info] 	[SUCCESSFUL ] org.piccolo2d#piccolo2d-extras;1.3.1!piccolo2d-extras.jar(bundle) (176ms)
[info] downloading https://repo1.maven.org/maven2/com/vividsolutions/jts/1.13/jts-1.13.jar ...
[info] 	[SUCCESSFUL ] com.vividsolutions#jts;1.13!jts.jar (335ms)
[info] downloading https://repo1.maven.org/maven2/com/h2database/h2/1.3.168/h2-1.3.168.jar ...
[info] 	[SUCCESSFUL ] com.h2database#h2;1.3.168!h2.jar (779ms)
[info] downloading https://repo1.maven.org/maven2/org/apache/commons/commons-math3/3.6.1/commons-math3-3.6.1.jar ...
[info] 	[SUCCESSFUL ] org.apache.commons#commons-math3;3.6.1!commons-math3.jar (639ms)
[info] downloading https://repo1.maven.org/maven2/javax/xml/bind/jaxb-api/2.2/jaxb-api-2.2.jar ...
[info] 	[SUCCESSFUL ] javax.xml.bind#jaxb-api;2.2!jaxb-api.jar (152ms)
[info] downloading https://repo1.maven.org/maven2/com/sun/xml/bind/jaxb-impl/2.2/jaxb-impl-2.2.jar ...
[info] 	[SUCCESSFUL ] com.sun.xml.bind#jaxb-impl;2.2!jaxb-impl.jar (303ms)
[info] downloading https://repo1.maven.org/maven2/org/scalatest/scalatest_2.13/3.0.8/scalatest_2.13-3.0.8.jar ...
[info] 	[SUCCESSFUL ] org.scalatest#scalatest_2.13;3.0.8!scalatest_2.13.jar(bundle) (2122ms)
[info] downloading https://repo1.maven.org/maven2/org/scalactic/scalactic_2.13/3.0.8/scalactic_2.13-3.0.8.jar ...
[info] 	[SUCCESSFUL ] org.scalactic#scalactic_2.13;3.0.8!scalactic_2.13.jar(bundle) (6719ms)
[info] downloading https://repo1.maven.org/maven2/org/jline/jline/3.15.0/jline-3.15.0.jar ...
[info] 	[SUCCESSFUL ] org.jline#jline;3.15.0!jline.jar (299ms)
[info] downloading https://repo1.maven.org/maven2/net/java/dev/jna/jna/5.3.1/jna-5.3.1.jar ...
[info] 	[SUCCESSFUL ] net.java.dev.jna#jna;5.3.1!jna.jar (364ms)
[info] downloading https://repo1.maven.org/maven2/org/scala-lang/modules/scala-java8-compat_2.13/0.9.0/scala-java8-compat_2.13-0.9.0.jar ...
[info] 	[SUCCESSFUL ] org.scala-lang.modules#scala-java8-compat_2.13;0.9.0!scala-java8-compat_2.13.jar (232ms)
[info] downloading https://repo1.maven.org/maven2/org/scala-lang/modules/scala-collection-compat_2.13/2.1.2/scala-collection-compat_2.13-2.1.2.jar ...
[info] 	[SUCCESSFUL ] org.scala-lang.modules#scala-collection-compat_2.13;2.1.2!scala-collection-compat_2.13.jar(bundle) (136ms)
[info] downloading https://repo1.maven.org/maven2/javax/xml/stream/stax-api/1.0-2/stax-api-1.0-2.jar ...
[info] 	[SUCCESSFUL ] javax.xml.stream#stax-api;1.0-2!stax-api.jar (8236ms)
[info] downloading https://repo1.maven.org/maven2/junit/junit/4.10/junit-4.10.jar ...
[info] 	[SUCCESSFUL ] junit#junit;4.10!junit.jar (328ms)
[info] downloading https://repo1.maven.org/maven2/org/jmock/jmock/2.5.1/jmock-2.5.1.jar ...
[info] 	[SUCCESSFUL ] org.jmock#jmock;2.5.1!jmock.jar (232ms)
[info] downloading https://repo1.maven.org/maven2/org/jmock/jmock-legacy/2.5.1/jmock-legacy-2.5.1.jar ...
[info] 	[SUCCESSFUL ] org.jmock#jmock-legacy;2.5.1!jmock-legacy.jar (136ms)
[info] downloading https://repo1.maven.org/maven2/org/jmock/jmock-junit4/2.5.1/jmock-junit4-2.5.1.jar ...
[info] 	[SUCCESSFUL ] org.jmock#jmock-junit4;2.5.1!jmock-junit4.jar (136ms)
[info] downloading https://repo1.maven.org/maven2/cglib/cglib-nodep/2.1_3/cglib-nodep-2.1_3.jar ...
[info] 	[SUCCESSFUL ] cglib#cglib-nodep;2.1_3!cglib-nodep.jar (337ms)
[info] downloading https://repo1.maven.org/maven2/org/objenesis/objenesis/1.0/objenesis-1.0.jar ...
[info] 	[SUCCESSFUL ] org.objenesis#objenesis;1.0!objenesis.jar (9079ms)
[info] downloading https://repo1.maven.org/maven2/org/hamcrest/hamcrest-core/1.1/hamcrest-core-1.1.jar ...
[info] 	[SUCCESSFUL ] org.hamcrest#hamcrest-core;1.1!hamcrest-core.jar (200ms)
[info] downloading https://repo1.maven.org/maven2/org/hamcrest/hamcrest-library/1.1/hamcrest-library-1.1.jar ...
[info] 	[SUCCESSFUL ] org.hamcrest#hamcrest-library;1.1!hamcrest-library.jar (213ms)
[info] downloading https://repo1.maven.org/maven2/org/scalacheck/scalacheck_2.13/1.14.3/scalacheck_2.13-1.14.3.jar ...
[info] 	[SUCCESSFUL ] org.scalacheck#scalacheck_2.13;1.14.3!scalacheck_2.13.jar (736ms)
[info] Done updating.
[info] Compiling 171 Scala sources and 22 Java sources to /Users/ben/src/kojo/git/kojo/target/scala-2.13/classes...
[info] 'compiler-interface' not yet compiled for Scala 2.13.3. Compiling...
[info]   Compilation completed in 6.913 s
[error] /Users/ben/src/kojo/git/kojo/src/main/scala/net/kogics/kojo/lite/MacTweaks.scala:25: type mismatch;
[error]  found   : com.apple.eawt.AboutHandler
[error]  required: java.awt.desktop.AboutHandler
[error]     app.setAboutHandler(new AboutHandler {
[error]                         ^
[warn] /Users/ben/src/kojo/git/kojo/src/main/scala/net/kogics/kojo/core/InputAware.scala:37: value BUTTON1_MASK in class InputEvent is deprecated
[warn]     h.setEventFilter(new PInputEventFilter(java.awt.event.InputEvent.BUTTON1_MASK))
[warn]                                                                      ^
[warn] /Users/ben/src/kojo/git/kojo/src/main/scala/net/kogics/kojo/core/InputAware.scala:50: value BUTTON1_MASK in class InputEvent is deprecated
[warn]     h.setEventFilter(new PInputEventFilter(java.awt.event.InputEvent.BUTTON1_MASK))
[warn]                                                                      ^
[warn] /Users/ben/src/kojo/git/kojo/src/main/scala/net/kogics/kojo/core/InputAware.scala:63: value BUTTON1_MASK in class InputEvent is deprecated
[warn]     h.setEventFilter(new PInputEventFilter(java.awt.event.InputEvent.BUTTON1_MASK))
[warn]                                                                      ^
[warn] /Users/ben/src/kojo/git/kojo/src/main/scala/net/kogics/kojo/core/InputAware.scala:77: value BUTTON1_MASK in class InputEvent is deprecated
[warn]     h.setEventFilter(new PInputEventFilter(java.awt.event.InputEvent.BUTTON1_MASK))
[warn]                                                                      ^
[warn] /Users/ben/src/kojo/git/kojo/src/main/scala/net/kogics/kojo/kmath/rational.scala:43: value ROUND_HALF_UP in class BigDecimal is deprecated
[warn]     def toNumeric(scale: Int = 5) = rep.bigDecimalValue(scale, BigDecimal.ROUND_HALF_UP)
[warn]                                                                           ^
[warn] /Users/ben/src/kojo/git/kojo/src/main/scala/net/kogics/kojo/lite/OutputPane.scala:146: value CTRL_MASK in class InputEvent is deprecated
[warn]     val controlNumPlus = KeyStroke.getKeyStroke(KeyEvent.VK_ADD, InputEvent.CTRL_MASK)
[warn]                                                                             ^
[warn] /Users/ben/src/kojo/git/kojo/src/main/scala/net/kogics/kojo/lite/OutputPane.scala:147: value CTRL_MASK in class InputEvent is deprecated
[warn]     val controlPlus = KeyStroke.getKeyStroke(KeyEvent.VK_PLUS, InputEvent.CTRL_MASK)
[warn]                                                                           ^
[warn] /Users/ben/src/kojo/git/kojo/src/main/scala/net/kogics/kojo/lite/OutputPane.scala:162: value CTRL_MASK in class InputEvent is deprecated
[warn]     val controlNumMinus = KeyStroke.getKeyStroke(KeyEvent.VK_SUBTRACT, InputEvent.CTRL_MASK)
[warn]                                                                                   ^
[warn] /Users/ben/src/kojo/git/kojo/src/main/scala/net/kogics/kojo/lite/OutputPane.scala:163: value CTRL_MASK in class InputEvent is deprecated
[warn]     val controlMinus  = KeyStroke.getKeyStroke(KeyEvent.VK_MINUS, InputEvent.CTRL_MASK)
[warn]                                                                              ^
[warn] /Users/ben/src/kojo/git/kojo/src/main/scala/net/kogics/kojo/lite/ScriptEditor.scala:432: value CTRL_MASK in class InputEvent is deprecated
[warn]   val controlNumPlus = KeyStroke.getKeyStroke(KeyEvent.VK_ADD, InputEvent.CTRL_MASK)
[warn]                                                                           ^
[warn] /Users/ben/src/kojo/git/kojo/src/main/scala/net/kogics/kojo/lite/ScriptEditor.scala:433: value CTRL_MASK in class InputEvent is deprecated
[warn]   val controlPlus = KeyStroke.getKeyStroke(KeyEvent.VK_PLUS, InputEvent.CTRL_MASK)
[warn]                                                                         ^
[warn] /Users/ben/src/kojo/git/kojo/src/main/scala/net/kogics/kojo/lite/ScriptEditor.scala:452: value CTRL_MASK in class InputEvent is deprecated
[warn]   val controlNumMinus = KeyStroke.getKeyStroke(KeyEvent.VK_SUBTRACT, InputEvent.CTRL_MASK)
[warn]                                                                                 ^
[warn] /Users/ben/src/kojo/git/kojo/src/main/scala/net/kogics/kojo/lite/ScriptEditor.scala:453: value CTRL_MASK in class InputEvent is deprecated
[warn]   val controlMinus = KeyStroke.getKeyStroke(KeyEvent.VK_MINUS, InputEvent.CTRL_MASK)
[warn]                                                                           ^
[warn] /Users/ben/src/kojo/git/kojo/src/main/scala/net/kogics/kojo/lite/canvas/SpriteCanvas.scala:176: value SHIFT_MASK in class InputEvent is deprecated
[warn]   panHandler.getEventFilter.setNotMask(InputEvent.SHIFT_MASK)
[warn]                                                   ^
[warn] /Users/ben/src/kojo/git/kojo/src/main/scala/net/kogics/kojo/lite/canvas/SpriteCanvas.scala:177: value BUTTON1_MASK in class InputEvent is deprecated
[warn]   zoomHandler.setEventFilter(new PInputEventFilter(InputEvent.BUTTON1_MASK | InputEvent.SHIFT_MASK))
[warn]                                                               ^
[warn] /Users/ben/src/kojo/git/kojo/src/main/scala/net/kogics/kojo/lite/canvas/SpriteCanvas.scala:177: value SHIFT_MASK in class InputEvent is deprecated
[warn]   zoomHandler.setEventFilter(new PInputEventFilter(InputEvent.BUTTON1_MASK | InputEvent.SHIFT_MASK))
[warn]                                                                                         ^
[warn] 16 warnings found
[error] one error found
[error] (compile:compileIncremental) Compilation failed
[error] Total time: 116 s, completed Oct 21, 2020, 12:44:36 PM
ben@Bulents-MacBook-Pro kojo % sdkman
sdkman
zsh: command not found: sdkman
ben@Bulents-MacBook-Pro kojo % sdk install java
sdk install java
We periodically need to update the local cache. Please run:

  $ sdk update

==== BROADCAST =================================================================
* 2020-10-19: mvnd 0.0.8 available on SDKMAN! https://git.io/JTBTK
* 2020-10-19: mvnd 0.0.7 available on SDKMAN! https://git.io/JT4op
* 2020-10-15: jbang 0.52.0 available on SDKMAN! https://git.io/JTs70
================================================================================

Stop! java 11.0.8.hs-adpt is already installed.


ATTENTION: A new version of SDKMAN is available...

The current version is 5.9.1+575, but you have 5.9.0+555.

Would you like to upgrade now? (Y/n): Y
Y

Updating SDKMAN...
########################################################################################## 100.0%
/Users/ben/.sdkman/bin/sdkman-init.sh
/Users/ben/.sdkman/tmp/stage/sdkman-init.sh -> /Users/ben/.sdkman/bin/sdkman-init.sh
/Users/ben/.sdkman/src/sdkman-availability.sh
/Users/ben/.sdkman/src/sdkman-broadcast.sh
/Users/ben/.sdkman/src/sdkman-cache.sh
/Users/ben/.sdkman/src/sdkman-current.sh
/Users/ben/.sdkman/src/sdkman-default.sh
/Users/ben/.sdkman/src/sdkman-env-helpers.sh
/Users/ben/.sdkman/src/sdkman-env.sh
/Users/ben/.sdkman/src/sdkman-flush.sh
/Users/ben/.sdkman/src/sdkman-help.sh
/Users/ben/.sdkman/src/sdkman-home.sh
/Users/ben/.sdkman/src/sdkman-install.sh
/Users/ben/.sdkman/src/sdkman-list.sh
/Users/ben/.sdkman/src/sdkman-main.sh
/Users/ben/.sdkman/src/sdkman-offline.sh
/Users/ben/.sdkman/src/sdkman-path-helpers.sh
/Users/ben/.sdkman/src/sdkman-selfupdate.sh
/Users/ben/.sdkman/src/sdkman-uninstall.sh
/Users/ben/.sdkman/src/sdkman-update.sh
/Users/ben/.sdkman/src/sdkman-upgrade.sh
/Users/ben/.sdkman/src/sdkman-use.sh
/Users/ben/.sdkman/src/sdkman-utils.sh
/Users/ben/.sdkman/src/sdkman-version.sh
/Users/ben/.sdkman/tmp/stage/sdkman-availability.sh -> /Users/ben/.sdkman/src/sdkman-availability.sh
/Users/ben/.sdkman/tmp/stage/sdkman-broadcast.sh -> /Users/ben/.sdkman/src/sdkman-broadcast.sh
/Users/ben/.sdkman/tmp/stage/sdkman-cache.sh -> /Users/ben/.sdkman/src/sdkman-cache.sh
/Users/ben/.sdkman/tmp/stage/sdkman-current.sh -> /Users/ben/.sdkman/src/sdkman-current.sh
/Users/ben/.sdkman/tmp/stage/sdkman-default.sh -> /Users/ben/.sdkman/src/sdkman-default.sh
/Users/ben/.sdkman/tmp/stage/sdkman-env-helpers.sh -> /Users/ben/.sdkman/src/sdkman-env-helpers.sh
/Users/ben/.sdkman/tmp/stage/sdkman-env.sh -> /Users/ben/.sdkman/src/sdkman-env.sh
/Users/ben/.sdkman/tmp/stage/sdkman-flush.sh -> /Users/ben/.sdkman/src/sdkman-flush.sh
/Users/ben/.sdkman/tmp/stage/sdkman-help.sh -> /Users/ben/.sdkman/src/sdkman-help.sh
/Users/ben/.sdkman/tmp/stage/sdkman-home.sh -> /Users/ben/.sdkman/src/sdkman-home.sh
/Users/ben/.sdkman/tmp/stage/sdkman-install.sh -> /Users/ben/.sdkman/src/sdkman-install.sh
/Users/ben/.sdkman/tmp/stage/sdkman-list.sh -> /Users/ben/.sdkman/src/sdkman-list.sh
/Users/ben/.sdkman/tmp/stage/sdkman-main.sh -> /Users/ben/.sdkman/src/sdkman-main.sh
/Users/ben/.sdkman/tmp/stage/sdkman-offline.sh -> /Users/ben/.sdkman/src/sdkman-offline.sh
/Users/ben/.sdkman/tmp/stage/sdkman-path-helpers.sh -> /Users/ben/.sdkman/src/sdkman-path-helpers.sh
/Users/ben/.sdkman/tmp/stage/sdkman-selfupdate.sh -> /Users/ben/.sdkman/src/sdkman-selfupdate.sh
/Users/ben/.sdkman/tmp/stage/sdkman-uninstall.sh -> /Users/ben/.sdkman/src/sdkman-uninstall.sh
/Users/ben/.sdkman/tmp/stage/sdkman-update.sh -> /Users/ben/.sdkman/src/sdkman-update.sh
/Users/ben/.sdkman/tmp/stage/sdkman-upgrade.sh -> /Users/ben/.sdkman/src/sdkman-upgrade.sh
/Users/ben/.sdkman/tmp/stage/sdkman-use.sh -> /Users/ben/.sdkman/src/sdkman-use.sh
/Users/ben/.sdkman/tmp/stage/sdkman-utils.sh -> /Users/ben/.sdkman/src/sdkman-utils.sh
/Users/ben/.sdkman/tmp/stage/sdkman-version.sh -> /Users/ben/.sdkman/src/sdkman-version.sh
/Users/ben/.sdkman/tmp/hook_post_java_11.0.8.hs-adpt.sh
/Users/ben/.sdkman/tmp/sdkman-5.9.0+555.zip
/Users/ben/.sdkman/tmp/out
/Users/ben/.sdkman/tmp/hook_post_sbt_1.3.13.sh
/Users/ben/.sdkman/tmp/hook_pre_java_11.0.8.hs-adpt.sh
/Users/ben/.sdkman/tmp/hook_pre_sbt_1.3.13.sh
/Users/ben/.sdkman/tmp/sdkman-5.9.1+575.zip
/Users/ben/.sdkman/tmp
mkdir: created directory '/Users/ben/.sdkman/tmp'


Successfully upgraded SDKMAN!

Open a new terminal to start using SDKMAN 5.9.1+575.

To join our BETA channel, simply follow the instructions on:

   http://sdkman.io/install.html

Enjoy!!!

ben@Bulents-MacBook-Pro kojo % sdk install java
sdk install java

Stop! java 11.0.8.hs-adpt is already installed.
ben@Bulents-MacBook-Pro kojo % sdk install java 8
sdk install java 8

Stop! java 8 is not available. Possible causes:
 * 8 is an invalid version
 * java binaries are incompatible with Darwin
 * java has not been released yet
ben@Bulents-MacBook-Pro kojo % sdk list
sdk list
WARNING: terminal is not fully functional
-  (press RETURN) 

================================================================================
Available Candidates
================================================================================
q-quit                                  /-search down
j-down                                  ?-search up
k-up                                    h-help

--------------------------------------------------------------------------------
Ant (1.10.8)                                             https://ant.apache.org/

Apache Ant is a Java library and command-line tool whose mission is to drive
processes described in build files as targets and extension points dependent
upon each other. The main known usage of Ant is the build of Java applications.
Ant supplies a number of built-in tasks allowing to compile, assemble, test and
run Java applications. Ant can also be used effectively to build non Java
applications, for instance C or C++ applications. More generally, Ant can be
used to pilot any type of process which can be described in terms of targets and
tasks.

                                                               $ sdk install ant
--------------------------------------------------------------------------------
AsciidoctorJ (2.4.0)                                     http://asciidoctor.org/

AsciidoctorJ is the official library for running Asciidoctor on the JVM. Using
AsciidoctorJ, you can convert AsciiDoc content or analyze the structure of a
parsed AsciiDoc document from Java and other JVM languages.

                                                      $ sdk install asciidoctorj
--------------------------------------------------------------------------------
Ballerina (swan-lake-p3)                                   https://ballerina.io/

Open source programming language and platform for cloud-era application
programmers to easily write software that just works.

                                                         $ sdk install ballerina
--------------------------------------------------------------------------------
Bpipe (0.9.9.8)                                                 http://bpipe.org

Bpipe is a framework for running computational pipelines and workflows

                                                             $ sdk install bpipe
--------------------------------------------------------------------------------
BTrace (2.0.2)                                https://github.com/btraceio/btrace

BTrace is a safe, dynamic tracing tool for the Java platform. BTrace can be used
to dynamically trace a running Java program (similar to DTrace for OpenSolaris
applications and OS). BTrace dynamically instruments the classes of the target
application to inject bytecode tracing code.

                                                            $ sdk install btrace
--------------------------------------------------------------------------------
Ceylon (1.3.3)                                           http://ceylon-lang.org/

Ceylon is a modern, modular, statically typed programming language for the Java
and JavaScript virtual machines. The language features a flexible and very
readable syntax, a unique and uncommonly elegant static type system, a powerful
module architecture, and excellent tooling.

                                                            $ sdk install ceylon
--------------------------------------------------------------------------------
Concurnas (1.14.020)                                      https://concurnas.com/
: 

Concurnas is an open source JVM programming language designed for building
reliable, scalable, high performance concurrent, distributed and parallel
systems.

                                                         $ sdk install concurnas
--------------------------------------------------------------------------------
CRaSH (1.3.0)                                            http://www.crashub.org/

The Common Reusable SHell (CRaSH) deploys in a Java runtime and provides
interactions with the JVM. Commands are written in Groovy or Java and can be
developed at runtime making the extension of the shell very easy with fast
development cycle.

                                                             $ sdk install crash
--------------------------------------------------------------------------------
CUBA CLI (2.1.2)                                       https://cuba-platform.com

CUBA CLI is an open source command line utility that enables you to easily
create projects based on CUBA Platform

                                                              $ sdk install cuba
--------------------------------------------------------------------------------
CXF (3.2.5)                                              https://cxf.apache.org/

Apache CXF is an open source services framework. CXF helps you build and develop
services using frontend programming APIs, like JAX-WS and JAX-RS. These services
can speak a variety of protocols such as SOAP, XML/HTTP, RESTful HTTP, or CORBA
and work over a variety of transports such as HTTP, JMS or JBI.

                                                               $ sdk install cxf
--------------------------------------------------------------------------------
docToolchain (Coming soon!)         https://doctoolchain.github.io/docToolchain/

docToolchain is an implementation of the docs-as-code approach for software
architecture plus some additional automation. The basis of docToolchain is the
philosophy that software documentation should be treated in the same way as code
together with the arc42 template for software architecture.

                                                      $ sdk install doctoolchain
--------------------------------------------------------------------------------
Dotty (0.27.0-RC1)                                        https://dotty.epfl.ch/

Research compiler that will become Scala 3. Dotty is the project name for
technologies that are considered for inclusion in Scala 3. Scala has pioneered
the fusion of object-oriented and functional programming in a typed setting.
Scala 3 will be a big step towards realizing the full potential of these ideas.

                                                             $ sdk install dotty
--------------------------------------------------------------------------------
Gaiden (1.2)                                       http://kobo.github.io/gaiden/

Gaiden is a tool that makes it easy to create documentation with Markdown.

                                                            $ sdk install gaiden
--------------------------------------------------------------------------------
Glide (0.9.2)                                      http://glide-gae.appspot.com/

Glide makes it incredibly easy to develop apps that harness the power of Google
App Engine for Java using expressiveness of Groovy and sweetness of Gaelyk's
syntactic sugar.
:
: 
                                                             $ sdk install glide
--------------------------------------------------------------------------------
Gradle (6.7)                                                  http://gradle.org/

Gradle is a build automation tool that builds upon the concepts of Apache Ant
and Apache Maven and introduces a Groovy-based domain-specific language (DSL)
instead of the more traditional XML form of declaring the project configuration.
Gradle uses a directed acyclic graph (DAG) to determine the order in which tasks
can be run.

                                                            $ sdk install gradle
--------------------------------------------------------------------------------
Gradle profiler (0.15.0)               https://github.com/gradle/gradle-profiler

A tool for gathering profiling and benchmarking information for Gradle builds

                                                    $ sdk install gradleprofiler
--------------------------------------------------------------------------------
Grails (4.0.4)                                               https://grails.org/

Grails is a powerful web framework, for the Java platform aimed at multiplying
developers productivity thanks to a Convention-over-Configuration, sensible
defaults and opinionated APIs. It integrates smoothly with the JVM, allowing you
to be immediately productive whilst providing powerful features, including
integrated ORM, Domain-Specific Languages, runtime and compile-time
meta-programming and Asynchronous programming.

                                                            $ sdk install grails
--------------------------------------------------------------------------------
Groovy (3.0.6)                                       http://www.groovy-lang.org/

Groovy is a powerful, optionally typed and dynamic language, with static-typing
and static compilation capabilities, for the Java platform aimed at multiplying
developers' productivity thanks to a concise, familiar and easy to learn syntax.
It integrates smoothly with any Java program, and immediately delivers to your
application powerful features, including scripting capabilities, Domain-Specific
Language authoring, runtime and compile-time meta-programming and functional
programming.

                                                            $ sdk install groovy
--------------------------------------------------------------------------------
GroovyServ (1.2.0)                            https://kobo.github.io/groovyserv/

GroovyServ reduces startup time of the JVM for runnning Groovy significantly. It
depends on your environments, but in most cases, its 10 to 20 times faster than
regular Groovy.

                                                        $ sdk install groovyserv
--------------------------------------------------------------------------------
http4k (0.28.0)                                               http://http4k.org/

http4k is the Functional toolkit for building HTTP applications in Kotlin

                                                            $ sdk install http4k
--------------------------------------------------------------------------------
Infrastructor (0.3.1)                                   http://infrastructor.io/

Infrastructor is an open source server provisioning tool written in Groovy

                                                     $ sdk install infrastructor
--------------------------------------------------------------------------------
Java (11.0.8.hs-adpt)                                          https://zulu.org/
: 

Java Platform, Standard Edition (or Java SE) is a widely used platform for
development and deployment of portable code for desktop and server environments.
Java SE uses the object-oriented Java programming language. It is part of the
Java software-platform family. Java SE defines a wide range of general-purpose
APIs  such as Java APIs for the Java Class Library  and also includes the Java
Language Specification and the Java Virtual Machine Specification.

                                                              $ sdk install java
--------------------------------------------------------------------------------
JBake (2.6.5)                                                  http://jbake.org/

JBake is a Java based, open source, static site/blog generator for developers
and designers.

                                                             $ sdk install jbake
--------------------------------------------------------------------------------
J'Bang (0.52.0)                             http://github.com/maxandersen/jbang/

J'Bang makes it easy to use Java for scripting. It lets you use a single file
for code and dependency management and allows you to run it directly.

                                                             $ sdk install jbang
--------------------------------------------------------------------------------
Karaf (4.2.8)                                          https://karaf.apache.org/

Apache Karaf is a polymorphic, lightweight, powerful, and enterprise ready
applications runtime. It provides all the ecosystem and bootstrapping options
you need for your applications. It runs on premise or on cloud. By polymorphic,
it means that Karaf can host any kind of applications: WAR, OSGi, Spring, and
much more.

                                                             $ sdk install karaf
--------------------------------------------------------------------------------
Kotlin (1.4.10)                                          https://kotlinlang.org/

Kotlin is a statically-typed programming language that runs on the Java Virtual
Machine and can also be compiled to JavaScript source code.

                                                            $ sdk install kotlin
--------------------------------------------------------------------------------
kscript (2.9.3)                          https://github.com/holgerbrandl/kscript

Enhanced scripting support for Kotlin on *nix-based systems. kscript provides an
easy-to-use, very flexible, and almost zero-overhead solution to write
self-contained mini-applications with Kotlin.

                                                           $ sdk install kscript
--------------------------------------------------------------------------------
Lazybones (0.8.3)                        https://github.com/pledbrook/lazybones/

Lazybones allows you to create a new project structure for any framework or
library for which the tool has a template.

                                                         $ sdk install lazybones
--------------------------------------------------------------------------------
Leiningen (2.9.3-1)                                        http://leiningen.org/

Leiningen is the easiest way to use Clojure. With a focus on project automation
and declarative configuration, it gets out of your way and lets you focus on
your code.
:
:q
ben@Bulents-MacBook-Pro kojo % 
ben@Bulents-MacBook-Pro kojo % sdk list java
sdk list java
================================================================================
Available Java Versions
================================================================================
 Vendor        | Use | Version      | Dist    | Status     | Identifier
--------------------------------------------------------------------------------
 AdoptOpenJDK  |     | 15.0.0.j9    | adpt    |            | 15.0.0.j9-adpt      
               |     | 15.0.0.hs    | adpt    |            | 15.0.0.hs-adpt      
               |     | 14.0.2.j9    | adpt    |            | 14.0.2.j9-adpt      
               |     | 14.0.2.hs    | adpt    |            | 14.0.2.hs-adpt      
               |     | 13.0.2.j9    | adpt    |            | 13.0.2.j9-adpt      
               |     | 13.0.2.hs    | adpt    |            | 13.0.2.hs-adpt      
               |     | 12.0.2.j9    | adpt    |            | 12.0.2.j9-adpt      
               |     | 12.0.2.hs    | adpt    |            | 12.0.2.hs-adpt      
               |     | 11.0.8.j9    | adpt    |            | 11.0.8.j9-adpt      
               | >>> | 11.0.8.hs    | adpt    | installed  | 11.0.8.hs-adpt      
               |     | 8.0.265.j9   | adpt    |            | 8.0.265.j9-adpt     
               |     | 8.0.265.hs   | adpt    |            | 8.0.265.hs-adpt     
 Amazon        |     | 15.0.0       | amzn    |            | 15.0.0-amzn         
               |     | 11.0.8       | amzn    |            | 11.0.8-amzn         
               |     | 8.0.265      | amzn    |            | 8.0.265-amzn        
 Azul Zulu     |     | 15.0.0       | zulu    |            | 15.0.0-zulu         
               |     | 15.0.0.fx    | zulu    |            | 15.0.0.fx-zulu      
               |     | 14.0.2       | zulu    |            | 14.0.2-zulu         
               |     | 14.0.2.fx    | zulu    |            | 14.0.2.fx-zulu      
               |     | 13.0.4       | zulu    |            | 13.0.4-zulu         
               |     | 13.0.4.fx    | zulu    |            | 13.0.4.fx-zulu      
               |     | 12.0.2       | zulu    |            | 12.0.2-zulu         
               |     | 11.0.8       | zulu    |            | 11.0.8-zulu         
               |     | 11.0.8.fx    | zulu    |            | 11.0.8.fx-zulu      
               |     | 10.0.2       | zulu    |            | 10.0.2-zulu         
               |     | 9.0.7        | zulu    |            | 9.0.7-zulu          
               |     | 8.0.265      | zulu    |            | 8.0.265-zulu        
               |     | 8.0.265.fx   | zulu    |            | 8.0.265.fx-zulu     
               |     | 8.0.232.fx   | zulu    |            | 8.0.232.fx-zulu     
               |     | 8.0.202      | zulu    |            | 8.0.202-zulu        
               |     | 7.0.262      | zulu    |            | 7.0.262-zulu        
               |     | 7.0.181      | zulu    |            | 7.0.181-zulu        
 BellSoft      |     | 15.0.0.fx    | librca  |            | 15.0.0.fx-librca    
               |     | 15.0.0       | librca  |            | 15.0.0-librca       
               |     | 14.0.2.fx    | librca  |            | 14.0.2.fx-librca    
               |     | 14.0.2       | librca  |            | 14.0.2-librca       
               |     | 13.0.2.fx    | librca  |            | 13.0.2.fx-librca    
               |     | 13.0.2       | librca  |            | 13.0.2-librca       
               |     | 12.0.2       | librca  |            | 12.0.2-librca       
               |     | 11.0.8.fx    | librca  |            | 11.0.8.fx-librca    
               |     | 11.0.8       | librca  |            | 11.0.8-librca       
               |     | 8.0.265.fx   | librca  |            | 8.0.265.fx-librca   
               |     | 8.0.265      | librca  |            | 8.0.265-librca      
 GraalVM       |     | 20.2.0.r11   | grl     |            | 20.2.0.r11-grl      
               |     | 20.2.0.r8    | grl     |            | 20.2.0.r8-grl       
               |     | 20.1.0.r11   | grl     |            | 20.1.0.r11-grl      
               |     | 20.1.0.r8    | grl     |            | 20.1.0.r8-grl       
               |     | 20.0.0.r11   | grl     |            | 20.0.0.r11-grl      
               |     | 20.0.0.r8    | grl     |            | 20.0.0.r8-grl       
               |     | 19.3.1.r11   | grl     |            | 19.3.1.r11-grl      
               |     | 19.3.1.r8    | grl     |            | 19.3.1.r8-grl       
 Java.net      |     | 16.ea.20     | open    |            | 16.ea.20-open       
               |     | 16.ea.6.lm   | open    |            | 16.ea.6.lm-open     
               |     | 16.ea.2.pma  | open    |            | 16.ea.2.pma-open    
               |     | 15.0.1       | open    |            | 15.0.1-open         
               |     | 14.0.2       | open    |            | 14.0.2-open         
               |     | 13.0.2       | open    |            | 13.0.2-open         
               |     | 12.0.2       | open    |            | 12.0.2-open         
               |     | 11.0.2       | open    |            | 11.0.2-open         
               |     | 10.0.2       | open    |            | 10.0.2-open         
               |     | 9.0.4        | open    |            | 9.0.4-open          
 SAP           |     | 15.0.0       | sapmchn |            | 15.0.0-sapmchn      
               |     | 14.0.2       | sapmchn |            | 14.0.2-sapmchn      
               |     | 13.0.2       | sapmchn |            | 13.0.2-sapmchn      
               |     | 12.0.2       | sapmchn |            | 12.0.2-sapmchn      
               |     | 11.0.8       | sapmchn |            | 11.0.8-sapmchn      
================================================================================
Use the Identifier for installation:

    $ sdk install java 11.0.3.hs-adpt
================================================================================
ben@Bulents-MacBook-Pro kojo % sdk install java 8.0.265
sdk install java 8.0.265

Stop! java 8.0.265 is not available. Possible causes:
 * 8.0.265 is an invalid version
 * java binaries are incompatible with Darwin
 * java has not been released yet
ben@Bulents-MacBook-Pro kojo % sdk install java 8.0.265.j9-adpt
sdk install java 8.0.265.j9-adpt

Downloading: java 8.0.265.j9-adpt

In progress...

########################################################################################## 100.0%

Repackaging Java 8.0.265.j9-adpt...

Done repackaging...
Cleaning up residual files...

Installing: java 8.0.265.j9-adpt
Done installing!

Do you want java 8.0.265.j9-adpt to be set as default? (Y/n): Y
Y

Setting java 8.0.265.j9-adpt as default.
ben@Bulents-MacBook-Pro kojo % java --version
java --version
JVMJ9VM007E Command-line option unrecognised: --version
Error: Could not create the Java Virtual Machine.
Error: A fatal exception has occurred. Program will exit.
ben@Bulents-MacBook-Pro kojo % java -version
java -version
openjdk version "1.8.0_265"
OpenJDK Runtime Environment (build 1.8.0_265-b01)
Eclipse OpenJ9 VM (build openj9-0.21.0, JRE 1.8.0 Mac OS X amd64-64-Bit Compressed References 20200728_646 (JIT enabled, AOT enabled)
OpenJ9   - 34cf4c075
OMR      - 113e54219
JCL      - c82ff0c20f based on jdk8u265-b01)
ben@Bulents-MacBook-Pro kojo % ./sbt.sh clean package
./sbt.sh clean package
[info] Loading project definition from /Users/ben/src/kojo/git/kojo/project
[info] Updating {file:/Users/ben/src/kojo/git/kojo/project/}kojo-build...
[info] Resolving org.scala-lang#scala-library;2.10.7 ...
[info] Resolving org.scala-sbt#sbt;0.13.18 ...
[info] Resolving org.scala-sbt#main;0.13.18 ...
[info] Resolving org.scala-sbt#actions;0.13.18 ...
[info] Resolving org.scala-sbt#classpath;0.13.18 ...
[info] Resolving org.scala-lang#scala-compiler;2.10.7 ...
[info] Resolving org.scala-lang#scala-reflect;2.10.7 ...
[info] Resolving org.scala-sbt#interface;0.13.18 ...
[info] Resolving org.scala-sbt#io;0.13.18 ...
[info] Resolving org.scala-sbt#control;0.13.18 ...
[info] Resolving org.scala-sbt#launcher-interface;1.0.1 ...
[info] Resolving org.scala-sbt#completion;0.13.18 ...
[info] Resolving org.scala-sbt#collections;0.13.18 ...
[info] Resolving jline#jline;2.14.5 ...
[info] Resolving org.scala-sbt#api;0.13.18 ...
[info] Resolving org.scala-sbt#classfile;0.13.18 ...
[info] Resolving org.scala-sbt#logging;0.13.18 ...
[info] Resolving org.scala-sbt#process;0.13.18 ...
[info] Resolving org.scala-sbt#compiler-integration;0.13.18 ...
[info] Resolving org.scala-sbt#incremental-compiler;0.13.18 ...
[info] Resolving org.scala-sbt#relation;0.13.18 ...
[info] Resolving org.scala-sbt#compile;0.13.18 ...
[info] Resolving org.scala-sbt#persist;0.13.18 ...
[info] Resolving org.scala-tools.sbinary#sbinary_2.10;0.4.2 ...
[info] Resolving org.scala-sbt#compiler-ivy-integration;0.13.18 ...
[info] Resolving org.scala-sbt#ivy;0.13.18 ...
[info] Resolving org.scala-sbt#cross;0.13.18 ...
[info] Resolving org.scala-sbt.ivy#ivy;2.3.0-sbt-b18f59ea3bc914a297bb6f1a4f7fb0ace399e310 ...
[info] Resolving com.jcraft#jsch;0.1.50 ...
[info] Resolving org.scala-sbt#serialization_2.10;0.1.2 ...
[info] Resolving org.scala-lang.modules#scala-pickling_2.10;0.10.1 ...
[info] Resolving org.scalamacros#quasiquotes_2.10;2.0.1 ...
[info] Resolving org.json4s#json4s-core_2.10;3.2.10 ...
[info] Resolving org.json4s#json4s-ast_2.10;3.2.10 ...
[info] Resolving com.thoughtworks.paranamer#paranamer;2.6 ...
[info] Resolving org.spire-math#jawn-parser_2.10;0.6.0 ...
[info] Resolving org.spire-math#json4s-support_2.10;0.6.0 ...
[info] Resolving org.scala-sbt#run;0.13.18 ...
[info] Resolving org.scala-sbt#task-system;0.13.18 ...
[info] Resolving org.scala-sbt#tasks;0.13.18 ...
[info] Resolving org.scala-sbt#tracking;0.13.18 ...
[info] Resolving org.scala-sbt#cache;0.13.18 ...
[info] Resolving org.scala-sbt#testing;0.13.18 ...
[info] Resolving org.scala-sbt#test-agent;0.13.18 ...
[info] Resolving org.scala-sbt#test-interface;1.0 ...
[info] Resolving org.scala-sbt#main-settings;0.13.18 ...
[info] Resolving org.scala-sbt#apply-macro;0.13.18 ...
[info] Resolving org.scala-sbt#command;0.13.18 ...
[info] Resolving org.scala-sbt#template-resolver;0.1 ...
[info] Resolving org.scala-sbt#logic;0.13.18 ...
[info] Resolving org.scala-sbt#compiler-interface;0.13.18 ...
[info] Resolving org.scala-lang#jline;2.10.7 ...
[info] Resolving org.fusesource.jansi#jansi;1.4 ...
[info] Done updating.
[info] Set current project to Kojo (in build file:/Users/ben/src/kojo/git/kojo/)
[success] Total time: 0 s, completed Oct 21, 2020 12:58:53 PM
[info] Updating {file:/Users/ben/src/kojo/git/kojo/}dist...
[info] Resolving org.scala-lang#scala-compiler;2.13.3 ...
[info] Resolving org.scala-lang#scala-library;2.13.3 ...
[info] Resolving org.scala-lang#scala-reflect;2.13.3 ...
[info] Resolving org.jline#jline;3.15.0 ...
[info] Resolving net.java.dev.jna#jna;5.3.1 ...
[info] Resolving com.typesafe.akka#akka-actor_2.13;2.5.29 ...
[info] Resolving com.typesafe#config;1.3.3 ...
[info] Resolving org.scala-lang.modules#scala-java8-compat_2.13;0.9.0 ...
[info] Resolving org.scala-lang.modules#scala-swing_2.13;2.1.1 ...
[info] Resolving org.scala-lang.modules#scala-xml_2.13;1.2.0 ...
[info] Resolving org.scala-lang.modules#scala-parser-combinators_2.13;1.1.2 ...
[info] Resolving com.github.benhutchison#scalaswingcontrib_2.13;1.8 ...
[info] Resolving org.scala-lang.modules#scala-collection-compat_2.13;2.1.2 ...
[info] Resolving org.piccolo2d#piccolo2d-core;1.3.1 ...
[info] Resolving org.piccolo2d#piccolo2d-extras;1.3.1 ...
[info] Resolving com.vividsolutions#jts;1.13 ...
[info] Resolving com.h2database#h2;1.3.168 ...
[info] Resolving org.apache.commons#commons-math3;3.6.1 ...
[info] Resolving javax.xml.bind#jaxb-api;2.2 ...
[info] Resolving javax.xml.stream#stax-api;1.0-2 ...
[info] Resolving javax.activation#activation;1.1 ...
[info] Resolving com.sun.xml.bind#jaxb-impl;2.2 ...
[info] Resolving org.scalatest#scalatest_2.13;3.0.8 ...
[info] Resolving org.scalactic#scalactic_2.13;3.0.8 ...
[info] Resolving junit#junit;4.10 ...
[info] Resolving org.hamcrest#hamcrest-core;1.1 ...
[info] Resolving org.jmock#jmock;2.5.1 ...
[info] Resolving org.hamcrest#hamcrest-library;1.1 ...
[info] Resolving org.jmock#jmock-legacy;2.5.1 ...
[info] Resolving org.objenesis#objenesis;1.0 ...
[info] Resolving cglib#cglib-nodep;2.1_3 ...
[info] Resolving org.jmock#jmock-junit4;2.5.1 ...
[info] Resolving org.scalacheck#scalacheck_2.13;1.14.3 ...
[info] Done updating.
[info] Compiling 171 Scala sources and 22 Java sources to /Users/ben/src/kojo/git/kojo/target/scala-2.13/classes...
[info] 'compiler-interface' not yet compiled for Scala 2.13.3. Compiling...
[info]   Compilation completed in 6.68 s
[warn] Multiple main classes detected.  Run 'show discoveredMainClasses' to see the list
[info] Packaging /Users/ben/src/kojo/git/kojo/target/scala-2.13/kojo_2.13-2.9.jar ...
[info] Done packaging.
[success] Total time: 32 s, completed Oct 21, 2020 12:59:24 PM
ben@Bulents-MacBook-Pro kojo % ./sbt.sh test
./sbt.sh test
[info] Loading project definition from /Users/ben/src/kojo/git/kojo/project
[info] Set current project to Kojo (in build file:/Users/ben/src/kojo/git/kojo/)
[info] Compiling 32 Scala sources to /Users/ben/src/kojo/git/kojo/target/scala-2.13/test-classes...
[info] UtilsTest:
[info] - loadLocalizedResourceExistingGerman
[info] - loadLocalizedResourceExistingOnlyInBaseLanguage
[info] - loadLocalizedResourceNotExisting
[info] - loadStringExisting
[info] - loadStringNull
[info] - loadStringNotExisting
[info] PictureEqualsHashTest:
[info] - living in a set
[info] - living in a map
[info] TerminalAnsiCodesTest:
[info] - test1
[info] - test2
[info] - test3
[info] - test4
[info] ScalariformTokenMakerTest:
[info] - test single line val
[info] - test two line vals - line 2
[info] - test multi line string - line 1
[info] - test multi line string - line 2
[info] - test xml bug 1
[info] CodeExecutionSupportTest:
[info] - tabulateNormal
[info] - tabulateExtraneousWhiteSpace
[info] - tabulateWithoutArrow
[info] - tabulateEmpties
[info] - tabulateNullHead
[info] - tabulateNullInstructions
[info] VectorBounceTest:
[info] - bounce 1
[info] - bounce 1a
[info] - bounce 2
[info] - bounce 3
[info] - bounce 4
[info] - bounce 5
[info] - bounce 5a
[info] - bounce 6
[info] - bounce 6a
[info] - bounce 7
[info] - bounce 7a
[info] - bounce 8
[info] - bounce 8a
[info] - bounce 9
[info] RepeatCommandsTest:
[info] - repeat
[info] - repeati
[info] - repeatWhile
[info] - repeatUntil
[info] RationalTest:
[info] - addition
[info] - subtraction
[info] - multiplication
[info] - division
[info] - commutative law
[info] - associative law
[info] - distributive law
[info] ScalariformTokenMakerTest2:
[info] - test single line val
[info] - test two line vals - line 2
[info] - test multi line string - line 1
[info] - test multi line string - line 2
[info] PictureBounceTest:
[info] - bounce 1
[info] - bounce ball off stage corner
[info] - bounce ball off stage corner2
[info] - bounce rectangle off circle
[info] HelpTest:
[info] - lang help miss and hit
[info] - common help hit
[info] - common help miss; Tw help hit
[info] - common help miss; Tw help miss; lang help hit
[info] - lang help multiple adds
[info] - lang help multiple adds - 2
[info] - lang help multiple adds - 3
[info] - lang help multiple adds - 4
[info] PictureTest:
[info] - picture bounds
[info] - picture translation
[info] - picture scaling
[info] - picture scaling after translation
[info] - picture translation after scaling
[info] - 3-hpics hp3 bounds
[info] - 3-hpics hp2 bounds
[info] - heading 1
[info] - heading 2
[info] - position 1
[info] - position + heading
[info] - react provides correct me for transforms
[info] CodeCompletionUtilsTest:
[info] - lang templates miss and hit
[info] - builtins templates hit
[info] - builtins templates miss; Tw templates hit
[info] - builtins templates miss; Tw templates miss; lang templates hit
[info] - lang templates multiple add
[info] TurtleTest2:
[info] - arc1
[info] - arcs
[info] ArcDoubleAngleTest:
[info] - touching
[info] - not touching
[info] - overlapping
[info] - negative angle touching
[info] LangMenuFactoryTest:
[info] - supported languages should contain known supported languages
[info] - langMenu has icon for supported languages
[info] - each menu item in langMenu has no icon (for now)
[info] PictureCollisionTest:
[info] - box-box non collision
[info] - box-box collision
[info] - box-tri non collision
[info] - box-tri collision
[info] - box with many boxes collision
[info] - box with many boxes collision, option version
[info] - box with many boxes - non collision
[info] - box with many boxes - non collision, option version
[info] - hvpics-hvpics non collision
[info] - hvpics-hvpics collision
[info] - no self collisions
[info] GermanAPITest:
[info] - schleife(n){block} should repeat the block n times
[info] - schleifeSolange(condition){block} should execute block while condition holds
[info] - schleifeBis(condition){block} should execute block while condition does not hold
[info] - schleifeBereich(start, end){i => fn(i)} should call fn with the Int values from start to end
[info] - schleifeFr[T](iterable){e => fn(e)} should process all elements of iterable
[info] ScalaTest
[info] Run completed in 6 seconds, 329 milliseconds.
[info] Total number of tests run: 106
[info] Suites: completed 18, aborted 0
[info] Tests: succeeded 106, failed 0, canceled 0, ignored 0, pending 0
[info] All tests passed.
[info] Passed: Total 106, Failed 0, Errors 0, Passed 106
[success] Total time: 18 s, completed Oct 21, 2020 4:21:14 PM
ben@Bulents-MacBook-Pro kojo % ./sbt.sh run
./sbt.sh run
[info] Loading project definition from /Users/ben/src/kojo/git/kojo/project
[info] Set current project to Kojo (in build file:/Users/ben/src/kojo/git/kojo/)
[warn] Multiple main classes detected.  Run 'show discoveredMainClasses' to see the list

Multiple main classes detected, select one to run:

 [1] net.kogics.kojo.lite.DesktopMain
 [2] net.kogics.kojo.lite.Main
 [3] net.kogics.kojo.lite.NewKojoInstance

Enter number: 1
1

[info] Running net.kogics.kojo.lite.DesktopMain 
[info] 1.8.0_265
[info] [INFO] Running > first Kojo instance with args: []
[info] [INFO] Connecting (via RMI) with args: [] to already running Kojo instance
[info] [INFO] Kojo Launcher Done.
[success] Total time: 10 s, completed Oct 21, 2020 4:21:48 PM
ben@Bulents-MacBook-Pro kojo % ./sbt.sh run
./sbt.sh run
[info] Loading project definition from /Users/ben/src/kojo/git/kojo/project
[info] Set current project to Kojo (in build file:/Users/ben/src/kojo/git/kojo/)
[warn] Multiple main classes detected.  Run 'show discoveredMainClasses' to see the list

Multiple main classes detected, select one to run:

 [1] net.kogics.kojo.lite.DesktopMain
 [2] net.kogics.kojo.lite.Main
 [3] net.kogics.kojo.lite.NewKojoInstance

Enter number: 1
1

[info] Running net.kogics.kojo.lite.DesktopMain 
[info] 1.8.0_265
[info] [INFO] Running first Kojo instance with args: []
[info] [INFO] Java Home: /Users/ben/.sdkman/candidates/java/8.0.265.j9-adpt/jre
[info] Java VM args: -client -Xms128m -Xmx2g -Xss1m -Dapple.laf.useScreenMenuBar=true -Dawt.useSystemAAFontSettings=lcd -XX:+UseConcMarkSweepGC -XX:+CMSClassUnloadingEnabled -Dapple.awt.graphics.UseQuartz=true net.kogics.kojo.lite.Main 
[error] [INFO] Logging has been redirected to: /Users/ben/.kojo/lite/log/kojo0.log
[info] [INFO] Removing RMI registry Listener
[info] [INFO] Kojo Launcher Done.
[success] Total time: 35 s, completed Oct 21, 2020 4:23:01 PM
ben@Bulents-MacBook-Pro kojo % ./sbt.sh run
./sbt.sh run
[info] Loading project definition from /Users/ben/src/kojo/git/kojo/project
[info] Set current project to Kojo (in build file:/Users/ben/src/kojo/git/kojo/)
[warn] Multiple main classes detected.  Run 'show discoveredMainClasses' to see the list

Multiple main classes detected, select one to run:

 [1] net.kogics.kojo.lite.DesktopMain
 [2] net.kogics.kojo.lite.Main
 [3] net.kogics.kojo.lite.NewKojoInstance

Enter number: 1
1

[info] Running net.kogics.kojo.lite.DesktopMain 
[info] 1.8.0_265
[info] [INFO] Running first Kojo instance with args: []
[info] [INFO] Java Home: /Users/ben/.sdkman/candidates/java/8.0.265.j9-adpt/jre
[info] Java VM args: -client -Xms128m -Xmx2g -Xss1m -Dapple.laf.useScreenMenuBar=true -Dawt.useSystemAAFontSettings=lcd -XX:+UseConcMarkSweepGC -XX:+CMSClassUnloadingEnabled -Dapple.awt.graphics.UseQuartz=true net.kogics.kojo.lite.Main 
[error] [INFO] Logging has been redirected to: /Users/ben/.kojo/lite/log/kojo0.log
[info] [INFO] Removing RMI registry Listener
[info] [INFO] Kojo Launcher Done.
[success] Total time: 40 s, completed Oct 21, 2020 4:23:50 PM
ben@Bulents-MacBook-Pro kojo % history
history
  293  ./sbt.sh clean package
  294  sdkman
  295  sdk install java
  296  sdk install java
  297  sdk install java 8
  298  sdk list
  299  sdk list java
  300  sdk install java 8.0.265
  301  sdk install java 8.0.265.j9-adpt
  302  java --version
  303  java -version
  304  ./sbt.sh clean package
  305  ./sbt.sh test
  306  ./sbt.sh run
  307  ./sbt.sh run
  308  ./sbt.sh run
ben@Bulents-MacBook-Pro kojo % 